<?xml version="1.0" encoding="UTF-8"?>
<testsuite xmlns:xsi="http://www.w3.org/2001/XMLSchema-instance" xsi:noNamespaceSchemaLocation="https://maven.apache.org/surefire/maven-surefire-plugin/xsd/surefire-test-report.xsd" name="fr.oxal.v2.ParserTest" time="1.922" tests="4" errors="0" skipped="0" failures="1">
  <properties>
    <property name="awt.toolkit" value="sun.awt.X11.XToolkit"/>
    <property name="file.encoding.pkg" value="sun.io"/>
    <property name="java.specification.version" value="1.8"/>
    <property name="sun.cpu.isalist" value=""/>
    <property name="sun.jnu.encoding" value="UTF-8"/>
    <property name="java.class.path" value="/home/oxal/Documents/Code/WavenpediaProject/WavenpediaV2/target/test-classes:/home/oxal/Documents/Code/WavenpediaProject/WavenpediaV2/target/classes:/home/oxal/.m2/repository/com/google/code/gson/gson/2.2.4/gson-2.2.4.jar:/home/oxal/.m2/repository/org/mongodb/mongo-java-driver/2.12.3/mongo-java-driver-2.12.3.jar:/home/oxal/.m2/repository/org/junit/jupiter/junit-jupiter-engine/5.3.1/junit-jupiter-engine-5.3.1.jar:/home/oxal/.m2/repository/org/apiguardian/apiguardian-api/1.0.0/apiguardian-api-1.0.0.jar:/home/oxal/.m2/repository/org/junit/platform/junit-platform-engine/1.3.1/junit-platform-engine-1.3.1.jar:/home/oxal/.m2/repository/org/junit/platform/junit-platform-commons/1.3.1/junit-platform-commons-1.3.1.jar:/home/oxal/.m2/repository/org/opentest4j/opentest4j/1.1.1/opentest4j-1.1.1.jar:/home/oxal/.m2/repository/org/junit/jupiter/junit-jupiter-api/5.3.1/junit-jupiter-api-5.3.1.jar:"/>
    <property name="java.vm.vendor" value="Private Build"/>
    <property name="sun.arch.data.model" value="64"/>
    <property name="java.vendor.url" value="http://java.oracle.com/"/>
    <property name="user.timezone" value=""/>
    <property name="java.vm.specification.version" value="1.8"/>
    <property name="os.name" value="Linux"/>
    <property name="user.country" value="FR"/>
    <property name="sun.java.launcher" value="SUN_STANDARD"/>
    <property name="sun.boot.library.path" value="/usr/lib/jvm/java-8-openjdk-amd64/jre/lib/amd64"/>
    <property name="sun.java.command" value="/home/oxal/Documents/Code/WavenpediaProject/WavenpediaV2/target/surefire/surefirebooter7789602572677073520.jar /home/oxal/Documents/Code/WavenpediaProject/WavenpediaV2/target/surefire 2021-02-08T19-05-37_177-jvmRun1 surefire3518774280788741035tmp surefire_05199722277772947275tmp"/>
    <property name="surefire.test.class.path" value="/home/oxal/Documents/Code/WavenpediaProject/WavenpediaV2/target/test-classes:/home/oxal/Documents/Code/WavenpediaProject/WavenpediaV2/target/classes:/home/oxal/.m2/repository/com/google/code/gson/gson/2.2.4/gson-2.2.4.jar:/home/oxal/.m2/repository/org/mongodb/mongo-java-driver/2.12.3/mongo-java-driver-2.12.3.jar:/home/oxal/.m2/repository/org/junit/jupiter/junit-jupiter-engine/5.3.1/junit-jupiter-engine-5.3.1.jar:/home/oxal/.m2/repository/org/apiguardian/apiguardian-api/1.0.0/apiguardian-api-1.0.0.jar:/home/oxal/.m2/repository/org/junit/platform/junit-platform-engine/1.3.1/junit-platform-engine-1.3.1.jar:/home/oxal/.m2/repository/org/junit/platform/junit-platform-commons/1.3.1/junit-platform-commons-1.3.1.jar:/home/oxal/.m2/repository/org/opentest4j/opentest4j/1.1.1/opentest4j-1.1.1.jar:/home/oxal/.m2/repository/org/junit/jupiter/junit-jupiter-api/5.3.1/junit-jupiter-api-5.3.1.jar:"/>
    <property name="sun.cpu.endian" value="little"/>
    <property name="user.home" value="/home/oxal"/>
    <property name="user.language" value="fr"/>
    <property name="java.specification.vendor" value="Oracle Corporation"/>
    <property name="java.home" value="/usr/lib/jvm/java-8-openjdk-amd64/jre"/>
    <property name="basedir" value="/home/oxal/Documents/Code/WavenpediaProject/WavenpediaV2"/>
    <property name="file.separator" value="/"/>
    <property name="line.separator" value="&#10;"/>
    <property name="java.vm.specification.vendor" value="Oracle Corporation"/>
    <property name="java.specification.name" value="Java Platform API Specification"/>
    <property name="java.awt.graphicsenv" value="sun.awt.X11GraphicsEnvironment"/>
    <property name="surefire.real.class.path" value="/home/oxal/Documents/Code/WavenpediaProject/WavenpediaV2/target/surefire/surefirebooter7789602572677073520.jar"/>
    <property name="sun.boot.class.path" value="/usr/lib/jvm/java-8-openjdk-amd64/jre/lib/resources.jar:/usr/lib/jvm/java-8-openjdk-amd64/jre/lib/rt.jar:/usr/lib/jvm/java-8-openjdk-amd64/jre/lib/sunrsasign.jar:/usr/lib/jvm/java-8-openjdk-amd64/jre/lib/jsse.jar:/usr/lib/jvm/java-8-openjdk-amd64/jre/lib/jce.jar:/usr/lib/jvm/java-8-openjdk-amd64/jre/lib/charsets.jar:/usr/lib/jvm/java-8-openjdk-amd64/jre/lib/jfr.jar:/usr/lib/jvm/java-8-openjdk-amd64/jre/classes"/>
    <property name="sun.management.compiler" value="HotSpot 64-Bit Tiered Compilers"/>
    <property name="java.runtime.version" value="1.8.0_252-8u252-b09-1~19.10-b09"/>
    <property name="user.name" value="oxal"/>
    <property name="path.separator" value=":"/>
    <property name="os.version" value="5.3.0-64-generic"/>
    <property name="java.endorsed.dirs" value="/usr/lib/jvm/java-8-openjdk-amd64/jre/lib/endorsed"/>
    <property name="java.runtime.name" value="OpenJDK Runtime Environment"/>
    <property name="file.encoding" value="UTF-8"/>
    <property name="java.vm.name" value="OpenJDK 64-Bit Server VM"/>
    <property name="localRepository" value="/home/oxal/.m2/repository"/>
    <property name="java.vendor.url.bug" value="http://bugreport.sun.com/bugreport/"/>
    <property name="java.io.tmpdir" value="/tmp"/>
    <property name="idea.version" value="2020.2.1"/>
    <property name="java.version" value="1.8.0_252"/>
    <property name="user.dir" value="/home/oxal/Documents/Code/WavenpediaProject/WavenpediaV2"/>
    <property name="os.arch" value="amd64"/>
    <property name="java.vm.specification.name" value="Java Virtual Machine Specification"/>
    <property name="java.awt.printerjob" value="sun.print.PSPrinterJob"/>
    <property name="sun.os.patch.level" value="unknown"/>
    <property name="java.library.path" value="/usr/java/packages/lib/amd64:/usr/lib/x86_64-linux-gnu/jni:/lib/x86_64-linux-gnu:/usr/lib/x86_64-linux-gnu:/usr/lib/jni:/lib:/usr/lib"/>
    <property name="java.vm.info" value="mixed mode"/>
    <property name="java.vendor" value="Private Build"/>
    <property name="java.vm.version" value="25.252-b09"/>
    <property name="java.ext.dirs" value="/usr/lib/jvm/java-8-openjdk-amd64/jre/lib/ext:/usr/java/packages/lib/ext"/>
    <property name="sun.io.unicode.encoding" value="UnicodeLittle"/>
    <property name="java.class.version" value="52.0"/>
  </properties>
  <testcase name="testAllDescriptionParser" classname="fr.oxal.v2.ParserTest" time="0.603">
    <failure message="expected: &lt;&gt; but was: &lt;error testAllDescriptionParser : &#10;	class : Companion&#10;	id : 496&#10;	nameID : 28903&#10;	descriID : 35883&#10;error testAllDescriptionParser : &#10;	class : ObjectMechanism&#10;	id : 166&#10;	nameID : 5815&#10;	descriID : 11270&#10;&gt;" type="org.opentest4j.AssertionFailedError"><![CDATA[org.opentest4j.AssertionFailedError: 
expected: <> but was: <error testAllDescriptionParser : 
	class : Companion
	id : 496
	nameID : 28903
	descriID : 35883
error testAllDescriptionParser : 
	class : ObjectMechanism
	id : 166
	nameID : 5815
	descriID : 11270
>
	at fr.oxal.v2.ParserTest.baseTest(ParserTest.java:51)
	at fr.oxal.v2.ParserTest.testAllDescriptionParser(ParserTest.java:62)
]]></failure>
    <system-err><![CDATA[error wavenMath getNumber : "MultValue" : DEVELOPER - DynamicTooltip : {"type":"MultValue","referenceId":"bonus","valuesToMult":[{"type":"ConstIntegerValue","referenceId":"perOpponent","value":5},{"type":"EntityCountValue","from":{"type":"AllEntitiesSelector"},"entityFilters":[{"type":"AroundTargetFilter","targetsToCompare":{"type":"CasterHeroSelector"},"distance":{"type":"EqualsTo","dynamicValue":{"type":"ConstIntegerValue","referenceId":"","value":1}}},{"type":"TeamFilter","isIdentical":false,"reference":{"type":"CasterSelector"}}]}]}
error wavenMath getNumber : "PercentageOfValue" : DEVELOPER - DynamicTooltip : {"type":"PercentageOfValue","referenceId":"atkHero","percentage":{"type":"ConstIntegerValue","referenceId":"","value":150},"from":{"type":"CharacterActionValue","referenceId":"","entitySelector":{"type":"CasterHeroSelector"}}}
-ERROR- erreur WavenParser : ce text n'est pas parser : Mécanisme
\---
<b>DÉBUT DU TOUR</b>\_: +1\_{%PA} à votre réserve<sprite name=reserve/>.
\---
Déclenche un {#LIGHTNING[ÉCLAIR({value:perc})]} sur un adversaire aléatoire quand vous consommez votre réserve. : {value:perc})]}
[{"type":"ConstIntegerValue","referenceId":"re","value":1},{"type":"ConstIntegerValue","referenceId":"perc","value":50}]
error wavenMath getNumber : "ConstIntLevelOnlyBasedDynamicValue" : MONSTRE CHAFER - Ossuaire Funeste : {"type":"ConstIntLevelOnlyBasedDynamicValue","referenceId":"v","values":[15,17,18,20,22,24,27,30,32,36,39,43,47,52,57,63,69,76,84,92,101,111,122,135,148,163,179,197,217,238]}
-ERROR- erreur WavenParser : ce text n'est pas parser : INAMOVIBLE
Subit le double des dégâts au corps à corps.
Quand elle subit une attaque, place le sort {Spell:20122	} dans sa main. : {Spell:20122	}
[]
]]></system-err>
  </testcase>
  <testcase name="testAvailableDescriptionParser" classname="fr.oxal.v2.ParserTest" time="0.205"/>
  <testcase name="testAllNameParser" classname="fr.oxal.v2.ParserTest" time="0.134"/>
  <testcase name="testAvailableNameParser" classname="fr.oxal.v2.ParserTest" time="0.091"/>
</testsuite>